2021-05-21 02:27:42,090 [WARN] from play.api.http.HttpConfiguration in play-dev-mode-akka.actor.default-dispatcher-10 - 
Your secret key is very short, and may be vulnerable to dictionary attacks.  Your application may not be secure.
The application secret should ideally be 32 bytes of completely random input, encoded in base64. While the application
will be able to start in production mode, you will also see a warning when it is starting.
To set the application secret, please read http://playframework.com/documentation/latest/ApplicationSecret
          
2021-05-21 02:27:42,307 [INFO] from play.api.http.EnabledFilters in play-dev-mode-akka.actor.default-dispatcher-10 - Enabled Filters (see <https://www.playframework.com/documentation/latest/Filters>):

    play.filters.csrf.CSRFFilter
    play.filters.headers.SecurityHeadersFilter
    play.filters.hosts.AllowedHostsFilter
    play.filters.gzip.GzipFilter

2021-05-21 02:27:42,311 [INFO] from play.api.Play in play-dev-mode-akka.actor.default-dispatcher-10 - Application started (Dev) (no global state)
2021-05-21 02:43:49,721 [WARN] from play.api.http.HttpConfiguration in play-dev-mode-akka.actor.default-dispatcher-16 - 
Your secret key is very short, and may be vulnerable to dictionary attacks.  Your application may not be secure.
The application secret should ideally be 32 bytes of completely random input, encoded in base64. While the application
will be able to start in production mode, you will also see a warning when it is starting.
To set the application secret, please read http://playframework.com/documentation/latest/ApplicationSecret
          
2021-05-21 02:43:49,812 [INFO] from play.api.http.EnabledFilters in play-dev-mode-akka.actor.default-dispatcher-16 - Enabled Filters (see <https://www.playframework.com/documentation/latest/Filters>):

    play.filters.csrf.CSRFFilter
    play.filters.headers.SecurityHeadersFilter
    play.filters.hosts.AllowedHostsFilter
    play.filters.gzip.GzipFilter

2021-05-21 02:43:49,814 [INFO] from play.api.Play in play-dev-mode-akka.actor.default-dispatcher-16 - Application started (Dev) (no global state)
